<?xml version="1.0" encoding="UTF-8"?>
<!-- Generated by org.testng.reporters.JUnitReportReporter -->
<testsuite hostname="DESKTOP-N7DUMJ8" failures="0" tests="2" name="testNGPractice.SampleTestNGTest1" time="0.028" errors="0" timestamp="2024-03-11T16:28:31 IST" skipped="0">
  <testcase classname="testNGPractice.SampleTestNGTest1" name="create_user" time="0.026"/>
  <testcase classname="testNGPractice.SampleTestNGTest1" name="delete_user" time="0.002"/>
</testsuite> <!-- testNGPractice.SampleTestNGTest1 -->
