<?xml version="1.0" encoding="UTF-8"?>
<!-- Generated by org.testng.reporters.JUnitReportReporter -->
<testsuite hostname="DESKTOP-N7DUMJ8" failures="0" tests="8" name="testNGPractice.SampleTestNGTest" time="0.382" errors="0" timestamp="2024-03-11T16:05:55 IST" skipped="0">
  <testcase classname="testNGPractice.SampleTestNGTest" name="create_customer" time="0.013"/>
  <testcase classname="testNGPractice.SampleTestNGTest" name="create_customer" time="0.077"/>
  <testcase classname="testNGPractice.SampleTestNGTest" name="create_customer" time="0.084"/>
  <testcase classname="testNGPractice.SampleTestNGTest" name="create_customer" time="0.055"/>
  <testcase classname="testNGPractice.SampleTestNGTest" name="delete_customer" time="0.023"/>
  <testcase classname="testNGPractice.SampleTestNGTest" name="delete_customer" time="0.031"/>
  <testcase classname="testNGPractice.SampleTestNGTest" name="delete_customer" time="0.037"/>
  <testcase classname="testNGPractice.SampleTestNGTest" name="delete_customer" time="0.062"/>
</testsuite> <!-- testNGPractice.SampleTestNGTest -->
