<?xml version="1.0" encoding="UTF-8"?>
<!-- Generated by org.testng.reporters.JUnitReportReporter -->
<testsuite hostname="DESKTOP-N7DUMJ8" failures="0" tests="1" name="testNGPractice.Run" time="0.051" errors="0" timestamp="2024-03-11T13:34:40 IST" skipped="0">
  <testcase classname="testNGPractice.Run" name="create_customer" time="0.051"/>
</testsuite> <!-- testNGPractice.Run -->
